/home/wisla/sky130_skel/Myschematics/Receptor/receiver/Makefile
/home/wisla/sky130_skel/Myschematics/Receptor/receiver/docs/Makefile
/home/wisla/sky130_skel/Myschematics/Receptor/receiver/docs/environment.yml
/home/wisla/sky130_skel/Myschematics/Receptor/receiver/docs/source/conf.py
/home/wisla/sky130_skel/Myschematics/Receptor/receiver/docs/source/index.rst
/home/wisla/sky130_skel/Myschematics/Receptor/receiver/netgen/run_lvs_por.sh
/home/wisla/sky130_skel/Myschematics/Receptor/receiver/netgen/run_lvs_wrapper_xschem.sh
/home/wisla/sky130_skel/Myschematics/Receptor/receiver/netgen/setup.tcl
/home/wisla/sky130_skel/Myschematics/Receptor/receiver/netgen/run_lvs_ota.sh
/home/wisla/sky130_skel/Myschematics/Receptor/receiver/xschem/.spiceinit
/home/wisla/sky130_skel/Myschematics/Receptor/receiver/xschem/analog_wrapper_tb.sch
/home/wisla/sky130_skel/Myschematics/Receptor/receiver/xschem/user_analog_project_wrapper.sch
/home/wisla/sky130_skel/Myschematics/Receptor/receiver/xschem/user_analog_project_wrapper.sym
/home/wisla/sky130_skel/Myschematics/Receptor/receiver/xschem/xschemrc
/home/wisla/sky130_skel/Myschematics/Receptor/receiver/xschem/detector.sch
/home/wisla/sky130_skel/Myschematics/Receptor/receiver/xschem/detector.sym
/home/wisla/sky130_skel/Myschematics/Receptor/receiver/xschem/OTA.sch
/home/wisla/sky130_skel/Myschematics/Receptor/receiver/xschem/OTA.sym
/home/wisla/sky130_skel/Myschematics/Receptor/receiver/xschem/Tb_OTA.sch
/home/wisla/sky130_skel/Myschematics/Receptor/receiver/mag__/.magicrc
/home/wisla/sky130_skel/Myschematics/Receptor/receiver/mag__/sky130_fd_pr__res_xhigh_po_0p35_HDW2JU.ext
/home/wisla/sky130_skel/Myschematics/Receptor/receiver/mag__/user_analog_project_wrapper.ext
/home/wisla/sky130_skel/Myschematics/Receptor/receiver/mag__/detV2.ext
/home/wisla/sky130_skel/Myschematics/Receptor/receiver/mag__/otaV5.ext
/home/wisla/sky130_skel/Myschematics/Receptor/receiver/mag/detV2.ext
/home/wisla/sky130_skel/Myschematics/Receptor/receiver/mag/otaV5.ext
/home/wisla/sky130_skel/Myschematics/Receptor/receiver/mag/sky130_fd_pr__res_xhigh_po_0p35_HDW2JU.ext
/home/wisla/sky130_skel/Myschematics/Receptor/receiver/mag/.magicrc
/home/wisla/sky130_skel/Myschematics/Receptor/receiver/mag/user_analog_project_wrapper.ext
/home/wisla/sky130_skel/Myschematics/Receptor/receiver/precheck_results/23_MAR_2022___16_40_33/logs/gds.info
/home/wisla/sky130_skel/Myschematics/Receptor/receiver/precheck_results/23_MAR_2022___16_40_33/logs/tools.info
/home/wisla/sky130_skel/Myschematics/Receptor/receiver/precheck_results/23_MAR_2022___16_40_33/logs/pdks.info
