"polygons" in: met_min_ca_density.lydrc:35
    Polygons (raw): 69 (flat)  69 (hierarchical)
    Elapsed: 0.000s  Memory: 521.00M
"polygons" in: met_min_ca_density.lydrc:36
    Polygons (raw): 79 (flat)  79 (hierarchical)
    Elapsed: 0.010s  Memory: 521.00M
"polygons" in: met_min_ca_density.lydrc:38
    Polygons (raw): 30 (flat)  30 (hierarchical)
    Elapsed: 0.010s  Memory: 521.00M
"polygons" in: met_min_ca_density.lydrc:39
    Polygons (raw): 90 (flat)  90 (hierarchical)
    Elapsed: 0.000s  Memory: 521.00M
"polygons" in: met_min_ca_density.lydrc:41
    Polygons (raw): 504 (flat)  504 (hierarchical)
    Elapsed: 0.010s  Memory: 521.00M
"polygons" in: met_min_ca_density.lydrc:42
    Polygons (raw): 69 (flat)  69 (hierarchical)
    Elapsed: 0.010s  Memory: 521.00M
"polygons" in: met_min_ca_density.lydrc:44
    Polygons (raw): 253 (flat)  253 (hierarchical)
    Elapsed: 0.000s  Memory: 521.00M
"polygons" in: met_min_ca_density.lydrc:45
    Polygons (raw): 10174 (flat)  10174 (hierarchical)
    Elapsed: 0.010s  Memory: 521.00M
"polygons" in: met_min_ca_density.lydrc:47
    Polygons (raw): 55 (flat)  55 (hierarchical)
    Elapsed: 0.010s  Memory: 521.00M
"polygons" in: met_min_ca_density.lydrc:48
    Polygons (raw): 0 (flat)  0 (hierarchical)
    Elapsed: 0.010s  Memory: 521.00M
"polygons" in: met_min_ca_density.lydrc:49
    Polygons (raw): 484 (flat)  484 (hierarchical)
    Elapsed: 0.010s  Memory: 521.00M
"polygons" in: met_min_ca_density.lydrc:51
    Polygons (raw): 52 (flat)  52 (hierarchical)
    Elapsed: 0.010s  Memory: 521.00M
"input" in: met_min_ca_density.lydrc:53
    Polygons (raw): 1 (flat)  1 (hierarchical)
    Elapsed: 0.000s  Memory: 521.00M
"area" in: met_min_ca_density.lydrc:55
    Elapsed: 0.010s  Memory: 521.00M
"polygons" in: met_min_ca_density.lydrc:59
    Polygons (raw): 69 (flat)  69 (hierarchical)
    Elapsed: 0.010s  Memory: 521.00M
"area" in: met_min_ca_density.lydrc:59
    Elapsed: 0.010s  Memory: 521.00M
li1_ca_density is 0.9999930796622042
"polygons" in: met_min_ca_density.lydrc:69
    Polygons (raw): 30 (flat)  30 (hierarchical)
    Elapsed: 0.010s  Memory: 521.00M
"area" in: met_min_ca_density.lydrc:69
    Elapsed: 0.000s  Memory: 521.00M
m1_ca_density is 0.9999953794170299
"polygons" in: met_min_ca_density.lydrc:79
    Polygons (raw): 504 (flat)  504 (hierarchical)
    Elapsed: 0.000s  Memory: 521.00M
"area" in: met_min_ca_density.lydrc:79
    Elapsed: 0.010s  Memory: 521.00M
m2_ca_density is 0.9998240288469022
"polygons" in: met_min_ca_density.lydrc:89
    Polygons (raw): 253 (flat)  253 (hierarchical)
    Elapsed: 0.010s  Memory: 521.00M
"area" in: met_min_ca_density.lydrc:89
    Elapsed: 0.010s  Memory: 521.00M
m3_ca_density is 0.9953296156405667
"polygons" in: met_min_ca_density.lydrc:99
    Polygons (raw): 55 (flat)  55 (hierarchical)
    Elapsed: 0.000s  Memory: 521.00M
"area" in: met_min_ca_density.lydrc:99
    Elapsed: 0.000s  Memory: 521.00M
m4_ca_density is 0.9973960278156133
"polygons" in: met_min_ca_density.lydrc:109
    Polygons (raw): 52 (flat)  52 (hierarchical)
    Elapsed: 0.010s  Memory: 521.00M
"area" in: met_min_ca_density.lydrc:109
    Elapsed: 0.010s  Memory: 521.00M
m5_ca_density is 0.9946324059094801
Writing report database: /home/wisla/sky130_skel/Myschematics/Receptor/receiver/precheck_results/08_JUN_2022___02_52_56/outputs/reports/klayout_met_min_ca_density_check.xml ..
Total elapsed: 0.220s  Memory: 521.00M
