/home/wisla/sky130_skel/Myschematics/Receptor/receiver/Makefile
/home/wisla/sky130_skel/Myschematics/Receptor/receiver/netgen/run_lvs_por.sh
/home/wisla/sky130_skel/Myschematics/Receptor/receiver/netgen/run_lvs_wrapper_xschem.sh
/home/wisla/sky130_skel/Myschematics/Receptor/receiver/netgen/setup.tcl
/home/wisla/sky130_skel/Myschematics/Receptor/receiver/netgen/run_lvs_ota.sh
/home/wisla/sky130_skel/Myschematics/Receptor/receiver/xschem/.spiceinit
/home/wisla/sky130_skel/Myschematics/Receptor/receiver/xschem/analog_wrapper_tb.sch
/home/wisla/sky130_skel/Myschematics/Receptor/receiver/xschem/user_analog_project_wrapper.sch
/home/wisla/sky130_skel/Myschematics/Receptor/receiver/xschem/user_analog_project_wrapper.sym
/home/wisla/sky130_skel/Myschematics/Receptor/receiver/xschem/sky130_fd_pr.patch
/home/wisla/sky130_skel/Myschematics/Receptor/receiver/xschem/xschemrc
/home/wisla/sky130_skel/Myschematics/Receptor/receiver/xschem/detectorPassivo.sch
/home/wisla/sky130_skel/Myschematics/Receptor/receiver/xschem/detectorPassivo.sym
/home/wisla/sky130_skel/Myschematics/Receptor/receiver/xschem/OTA.sch
/home/wisla/sky130_skel/Myschematics/Receptor/receiver/xschem/OTA.sym
/home/wisla/sky130_skel/Myschematics/Receptor/receiver/mag/.magicrc
/home/wisla/sky130_skel/Myschematics/Receptor/receiver/mag/detector.ext
/home/wisla/sky130_skel/Myschematics/Receptor/receiver/mag/detector.sim
/home/wisla/sky130_skel/Myschematics/Receptor/receiver/mag/detector.nodes
/home/wisla/sky130_skel/Myschematics/Receptor/receiver/mag/detector.res.ext
/home/wisla/sky130_skel/Myschematics/Receptor/receiver/mag/ota.ext
/home/wisla/sky130_skel/Myschematics/Receptor/receiver/mag/user_analog_project_wrapper.ext
/home/wisla/sky130_skel/Myschematics/Receptor/receiver/precheck_results/08_JUN_2022___02_52_56/logs/gds.info
/home/wisla/sky130_skel/Myschematics/Receptor/receiver/precheck_results/08_JUN_2022___02_52_56/logs/tools.info
/home/wisla/sky130_skel/Myschematics/Receptor/receiver/precheck_results/08_JUN_2022___02_52_56/logs/pdks.info
