/home/wisla/mpw_precheck/checks/tech-files/sky130A_mr.drc:38: warning: already initialized constant DRC::DRCEngine::FEOL
/home/wisla/mpw_precheck/checks/tech-files/sky130A_mr.drc:28: warning: previous definition of FEOL was here
/home/wisla/mpw_precheck/checks/tech-files/sky130A_mr.drc:42: warning: already initialized constant DRC::DRCEngine::BEOL
/home/wisla/mpw_precheck/checks/tech-files/sky130A_mr.drc:29: warning: previous definition of BEOL was here
/home/wisla/mpw_precheck/checks/tech-files/sky130A_mr.drc:50: warning: already initialized constant DRC::DRCEngine::OFFGRID
/home/wisla/mpw_precheck/checks/tech-files/sky130A_mr.drc:30: warning: previous definition of OFFGRID was here
/home/wisla/mpw_precheck/checks/tech-files/sky130A_mr.drc:56: warning: already initialized constant DRC::DRCEngine::SEAL
/home/wisla/mpw_precheck/checks/tech-files/sky130A_mr.drc:31: warning: previous definition of SEAL was here
/home/wisla/mpw_precheck/checks/tech-files/sky130A_mr.drc:62: warning: already initialized constant DRC::DRCEngine::FLOATING_MET
/home/wisla/mpw_precheck/checks/tech-files/sky130A_mr.drc:32: warning: previous definition of FLOATING_MET was here
"input" in: sky130A_mr.drc:107
    Polygons (raw): 1 (flat)  1 (hierarchical)
    Elapsed: 0.010s  Memory: 521.00M
"polygons" in: sky130A_mr.drc:108
    Polygons (raw): 1 (flat)  1 (hierarchical)
    Elapsed: 0.010s  Memory: 521.00M
"polygons" in: sky130A_mr.drc:109
    Polygons (raw): 0 (flat)  0 (hierarchical)
    Elapsed: 0.000s  Memory: 521.00M
"polygons" in: sky130A_mr.drc:110
    Polygons (raw): 0 (flat)  0 (hierarchical)
    Elapsed: 0.000s  Memory: 521.00M
"polygons" in: sky130A_mr.drc:111
    Polygons (raw): 0 (flat)  0 (hierarchical)
    Elapsed: 0.010s  Memory: 521.00M
"polygons" in: sky130A_mr.drc:112
    Polygons (raw): 0 (flat)  0 (hierarchical)
    Elapsed: 0.000s  Memory: 521.00M
"polygons" in: sky130A_mr.drc:113
    Polygons (raw): 0 (flat)  0 (hierarchical)
    Elapsed: 0.010s  Memory: 521.00M
"polygons" in: sky130A_mr.drc:114
    Polygons (raw): 0 (flat)  0 (hierarchical)
    Elapsed: 0.010s  Memory: 521.00M
"polygons" in: sky130A_mr.drc:115
    Polygons (raw): 0 (flat)  0 (hierarchical)
    Elapsed: 0.000s  Memory: 521.00M
"polygons" in: sky130A_mr.drc:116
    Polygons (raw): 0 (flat)  0 (hierarchical)
    Elapsed: 0.010s  Memory: 521.00M
"polygons" in: sky130A_mr.drc:117
    Polygons (raw): 0 (flat)  0 (hierarchical)
    Elapsed: 0.010s  Memory: 521.00M
"polygons" in: sky130A_mr.drc:118
    Polygons (raw): 0 (flat)  0 (hierarchical)
    Elapsed: 0.000s  Memory: 521.00M
"polygons" in: sky130A_mr.drc:119
    Polygons (raw): 0 (flat)  0 (hierarchical)
    Elapsed: 0.010s  Memory: 521.00M
"polygons" in: sky130A_mr.drc:120
    Polygons (raw): 3 (flat)  3 (hierarchical)
    Elapsed: 0.010s  Memory: 521.00M
"polygons" in: sky130A_mr.drc:121
    Polygons (raw): 0 (flat)  0 (hierarchical)
    Elapsed: 0.000s  Memory: 521.00M
"polygons" in: sky130A_mr.drc:122
    Polygons (raw): 1 (flat)  1 (hierarchical)
    Elapsed: 0.000s  Memory: 521.00M
"polygons" in: sky130A_mr.drc:123
    Polygons (raw): 2 (flat)  2 (hierarchical)
    Elapsed: 0.020s  Memory: 521.00M
"polygons" in: sky130A_mr.drc:124
    Polygons (raw): 0 (flat)  0 (hierarchical)
    Elapsed: 0.000s  Memory: 521.00M
"polygons" in: sky130A_mr.drc:125
    Polygons (raw): 1 (flat)  1 (hierarchical)
    Elapsed: 0.010s  Memory: 521.00M
"polygons" in: sky130A_mr.drc:126
    Polygons (raw): 2 (flat)  2 (hierarchical)
    Elapsed: 0.010s  Memory: 521.00M
"polygons" in: sky130A_mr.drc:127
    Polygons (raw): 41 (flat)  41 (hierarchical)
    Elapsed: 0.000s  Memory: 521.00M
"polygons" in: sky130A_mr.drc:129
    Polygons (raw): 19 (flat)  19 (hierarchical)
    Elapsed: 0.010s  Memory: 521.00M
"polygons" in: sky130A_mr.drc:130
    Polygons (raw): 1253 (flat)  1253 (hierarchical)
    Elapsed: 0.010s  Memory: 521.00M
"polygons" in: sky130A_mr.drc:132
    Polygons (raw): 22 (flat)  22 (hierarchical)
    Elapsed: 0.000s  Memory: 521.00M
"polygons" in: sky130A_mr.drc:133
    Polygons (raw): 4084 (flat)  4084 (hierarchical)
    Elapsed: 0.000s  Memory: 521.00M
"polygons" in: sky130A_mr.drc:135
    Polygons (raw): 500 (flat)  500 (hierarchical)
    Elapsed: 0.010s  Memory: 521.00M
"polygons" in: sky130A_mr.drc:136
    Polygons (raw): 2620 (flat)  2620 (hierarchical)
    Elapsed: 0.010s  Memory: 521.00M
"polygons" in: sky130A_mr.drc:138
    Polygons (raw): 214 (flat)  214 (hierarchical)
    Elapsed: 0.010s  Memory: 521.00M
"polygons" in: sky130A_mr.drc:139
    Polygons (raw): 7783 (flat)  7783 (hierarchical)
    Elapsed: 0.010s  Memory: 521.00M
"polygons" in: sky130A_mr.drc:141
    Polygons (raw): 53 (flat)  53 (hierarchical)
    Elapsed: 0.000s  Memory: 521.00M
"polygons" in: sky130A_mr.drc:142
    Polygons (raw): 0 (flat)  0 (hierarchical)
    Elapsed: 0.010s  Memory: 521.00M
"polygons" in: sky130A_mr.drc:144
    Polygons (raw): 6 (flat)  6 (hierarchical)
    Elapsed: 0.010s  Memory: 521.00M
"polygons" in: sky130A_mr.drc:146
    Polygons (raw): 0 (flat)  0 (hierarchical)
    Elapsed: 0.000s  Memory: 521.00M
"polygons" in: sky130A_mr.drc:147
    Polygons (raw): 0 (flat)  0 (hierarchical)
    Elapsed: 0.010s  Memory: 521.00M
"polygons" in: sky130A_mr.drc:148
    Polygons (raw): 2 (flat)  2 (hierarchical)
    Elapsed: 0.010s  Memory: 521.00M
"polygons" in: sky130A_mr.drc:149
    Polygons (raw): 0 (flat)  0 (hierarchical)
    Elapsed: 0.000s  Memory: 521.00M
"polygons" in: sky130A_mr.drc:150
    Polygons (raw): 0 (flat)  0 (hierarchical)
    Elapsed: 0.010s  Memory: 521.00M
"polygons" in: sky130A_mr.drc:151
    Polygons (raw): 0 (flat)  0 (hierarchical)
    Elapsed: 0.010s  Memory: 521.00M
"polygons" in: sky130A_mr.drc:152
    Polygons (raw): 0 (flat)  0 (hierarchical)
    Elapsed: 0.000s  Memory: 521.00M
"polygons" in: sky130A_mr.drc:153
    Polygons (raw): 0 (flat)  0 (hierarchical)
    Elapsed: 0.010s  Memory: 521.00M
"polygons" in: sky130A_mr.drc:154
    Polygons (raw): 0 (flat)  0 (hierarchical)
    Elapsed: 0.010s  Memory: 521.00M
"polygons" in: sky130A_mr.drc:155
    Polygons (raw): 0 (flat)  0 (hierarchical)
    Elapsed: 0.000s  Memory: 521.00M
"polygons" in: sky130A_mr.drc:156
    Polygons (raw): 0 (flat)  0 (hierarchical)
    Elapsed: 0.010s  Memory: 521.00M
"polygons" in: sky130A_mr.drc:157
    Polygons (raw): 0 (flat)  0 (hierarchical)
    Elapsed: 0.010s  Memory: 521.00M
"polygons" in: sky130A_mr.drc:158
    Polygons (raw): 0 (flat)  0 (hierarchical)
    Elapsed: 0.000s  Memory: 521.00M
"polygons" in: sky130A_mr.drc:159
    Polygons (raw): 0 (flat)  0 (hierarchical)
    Elapsed: 0.010s  Memory: 521.00M
"polygons" in: sky130A_mr.drc:160
    Polygons (raw): 0 (flat)  0 (hierarchical)
    Elapsed: 0.010s  Memory: 521.00M
"polygons" in: sky130A_mr.drc:161
    Polygons (raw): 0 (flat)  0 (hierarchical)
    Elapsed: 0.000s  Memory: 521.00M
"polygons" in: sky130A_mr.drc:162
    Polygons (raw): 0 (flat)  0 (hierarchical)
    Elapsed: 0.010s  Memory: 521.00M
"polygons" in: sky130A_mr.drc:163
    Polygons (raw): 0 (flat)  0 (hierarchical)
    Elapsed: 0.010s  Memory: 521.00M
"polygons" in: sky130A_mr.drc:164
    Polygons (raw): 0 (flat)  0 (hierarchical)
    Elapsed: 0.010s  Memory: 521.00M
"polygons" in: sky130A_mr.drc:165
    Polygons (raw): 0 (flat)  0 (hierarchical)
    Elapsed: 0.000s  Memory: 521.00M
"polygons" in: sky130A_mr.drc:166
    Polygons (raw): 0 (flat)  0 (hierarchical)
    Elapsed: 0.010s  Memory: 521.00M
"polygons" in: sky130A_mr.drc:167
    Polygons (raw): 0 (flat)  0 (hierarchical)
    Elapsed: 0.010s  Memory: 521.00M
"polygons" in: sky130A_mr.drc:168
    Polygons (raw): 0 (flat)  0 (hierarchical)
    Elapsed: 0.000s  Memory: 521.00M
"polygons" in: sky130A_mr.drc:169
    Polygons (raw): 0 (flat)  0 (hierarchical)
    Elapsed: 0.010s  Memory: 521.00M
"polygons" in: sky130A_mr.drc:170
    Polygons (raw): 0 (flat)  0 (hierarchical)
    Elapsed: 0.010s  Memory: 521.00M
"polygons" in: sky130A_mr.drc:171
    Polygons (raw): 1 (flat)  1 (hierarchical)
    Elapsed: 0.000s  Memory: 521.00M
"polygons" in: sky130A_mr.drc:172
    Polygons (raw): 0 (flat)  0 (hierarchical)
    Elapsed: 0.010s  Memory: 521.00M
"polygons" in: sky130A_mr.drc:173
    Polygons (raw): 0 (flat)  0 (hierarchical)
    Elapsed: 0.010s  Memory: 521.00M
"polygons" in: sky130A_mr.drc:174
    Polygons (raw): 0 (flat)  0 (hierarchical)
    Elapsed: 0.000s  Memory: 521.00M
"polygons" in: sky130A_mr.drc:175
    Polygons (raw): 0 (flat)  0 (hierarchical)
    Elapsed: 0.010s  Memory: 521.00M
"polygons" in: sky130A_mr.drc:176
    Polygons (raw): 0 (flat)  0 (hierarchical)
    Elapsed: 0.010s  Memory: 521.00M
"polygons" in: sky130A_mr.drc:177
    Polygons (raw): 0 (flat)  0 (hierarchical)
    Elapsed: 0.000s  Memory: 521.00M
"polygons" in: sky130A_mr.drc:178
    Polygons (raw): 0 (flat)  0 (hierarchical)
    Elapsed: 0.010s  Memory: 521.00M
"polygons" in: sky130A_mr.drc:179
    Polygons (raw): 0 (flat)  0 (hierarchical)
    Elapsed: 0.010s  Memory: 521.00M
"polygons" in: sky130A_mr.drc:180
    Polygons (raw): 0 (flat)  0 (hierarchical)
    Elapsed: 0.000s  Memory: 521.00M
"polygons" in: sky130A_mr.drc:181
    Polygons (raw): 0 (flat)  0 (hierarchical)
    Elapsed: 0.010s  Memory: 521.00M
"polygons" in: sky130A_mr.drc:182
    Polygons (raw): 0 (flat)  0 (hierarchical)
    Elapsed: 0.010s  Memory: 521.00M
"polygons" in: sky130A_mr.drc:183
    Polygons (raw): 0 (flat)  0 (hierarchical)
    Elapsed: 0.000s  Memory: 521.00M
"polygons" in: sky130A_mr.drc:184
    Polygons (raw): 0 (flat)  0 (hierarchical)
    Elapsed: 0.000s  Memory: 521.00M
"polygons" in: sky130A_mr.drc:185
    Polygons (raw): 0 (flat)  0 (hierarchical)
    Elapsed: 0.010s  Memory: 521.00M
"polygons" in: sky130A_mr.drc:186
    Polygons (raw): 0 (flat)  0 (hierarchical)
    Elapsed: 0.010s  Memory: 521.00M
"polygons" in: sky130A_mr.drc:187
    Polygons (raw): 0 (flat)  0 (hierarchical)
    Elapsed: 0.000s  Memory: 521.00M
"polygons" in: sky130A_mr.drc:188
    Polygons (raw): 0 (flat)  0 (hierarchical)
    Elapsed: 0.010s  Memory: 521.00M
"polygons" in: sky130A_mr.drc:189
    Polygons (raw): 0 (flat)  0 (hierarchical)
    Elapsed: 0.010s  Memory: 521.00M
"polygons" in: sky130A_mr.drc:190
    Polygons (raw): 0 (flat)  0 (hierarchical)
    Elapsed: 0.000s  Memory: 521.00M
"polygons" in: sky130A_mr.drc:191
    Polygons (raw): 0 (flat)  0 (hierarchical)
    Elapsed: 0.010s  Memory: 521.00M
"polygons" in: sky130A_mr.drc:192
    Polygons (raw): 0 (flat)  0 (hierarchical)
    Elapsed: 0.010s  Memory: 521.00M
"polygons" in: sky130A_mr.drc:193
    Polygons (raw): 0 (flat)  0 (hierarchical)
    Elapsed: 0.000s  Memory: 521.00M
"polygons" in: sky130A_mr.drc:194
    Polygons (raw): 1 (flat)  1 (hierarchical)
    Elapsed: 0.010s  Memory: 521.00M
"polygons" in: sky130A_mr.drc:195
    Polygons (raw): 0 (flat)  0 (hierarchical)
    Elapsed: 0.010s  Memory: 521.00M
"polygons" in: sky130A_mr.drc:196
    Polygons (raw): 0 (flat)  0 (hierarchical)
    Elapsed: 0.000s  Memory: 521.00M
"polygons" in: sky130A_mr.drc:197
    Polygons (raw): 0 (flat)  0 (hierarchical)
    Elapsed: 0.010s  Memory: 521.00M
"polygons" in: sky130A_mr.drc:198
    Polygons (raw): 0 (flat)  0 (hierarchical)
    Elapsed: 0.010s  Memory: 521.00M
DRC section
BEOL section
START: 67/20 (li)
"not" in: sky130A_mr.drc:371
    Polygons (raw): 19 (flat)  19 (hierarchical)
    Elapsed: 0.000s  Memory: 521.00M
"width" in: sky130A_mr.drc:372
    Edge pairs: 0 (flat)  0 (hierarchical)
    Elapsed: 0.000s  Memory: 521.00M
"output" in: sky130A_mr.drc:372
    Edge pairs: 0 (flat)  0 (hierarchical)
    Elapsed: 0.010s  Memory: 521.00M
"edges" in: sky130A_mr.drc:374
    Edges: 76 (flat)  76 (hierarchical)
    Elapsed: 0.010s  Memory: 1065.00M
"space" in: sky130A_mr.drc:374
    Edge pairs: 0 (flat)  0 (hierarchical)
    Elapsed: 0.010s  Memory: 1065.00M
"output" in: sky130A_mr.drc:374
    Edge pairs: 0 (flat)  0 (hierarchical)
    Elapsed: 0.000s  Memory: 1065.00M
"not" in: sky130A_mr.drc:375
    Polygons (raw): 41 (flat)  41 (hierarchical)
    Elapsed: 0.010s  Memory: 1065.00M
"enclosing" in: sky130A_mr.drc:376
    Edge pairs: 0 (flat)  0 (hierarchical)
    Elapsed: 0.010s  Memory: 1065.00M
"second_edges" in: sky130A_mr.drc:376
    Edges: 0 (flat)  0 (hierarchical)
    Elapsed: 0.000s  Memory: 1065.00M
"width" in: sky130A_mr.drc:377
    Edge pairs: 0 (flat)  0 (hierarchical)
    Elapsed: 0.010s  Memory: 1065.00M
"polygons" in: sky130A_mr.drc:378
    Polygons (raw): 0 (flat)  0 (hierarchical)
    Elapsed: 0.010s  Memory: 1065.00M
"interacting" in: sky130A_mr.drc:378
    Polygons (raw): 0 (flat)  0 (hierarchical)
    Elapsed: 0.010s  Memory: 1065.00M
"output" in: sky130A_mr.drc:379
    Polygons (raw): 0 (flat)  0 (hierarchical)
    Elapsed: 0.000s  Memory: 1065.00M
"with_area" in: sky130A_mr.drc:380
    Polygons (raw): 0 (flat)  0 (hierarchical)
    Elapsed: 0.010s  Memory: 1065.00M
"output" in: sky130A_mr.drc:380
    Polygons (raw): 0 (flat)  0 (hierarchical)
    Elapsed: 0.010s  Memory: 1065.00M
END: 67/20 (li)
START: 67/44 (mcon)
"not" in: sky130A_mr.drc:385
    Polygons (raw): 1253 (flat)  1253 (hierarchical)
    Elapsed: 0.000s  Memory: 1065.00M
"not" in: sky130A_mr.drc:392
    Polygons (raw): 1253 (flat)  1253 (hierarchical)
    Elapsed: 0.010s  Memory: 1065.00M
"non_rectangles" in: sky130A_mr.drc:393
    Polygons (raw): 0 (flat)  0 (hierarchical)
    Elapsed: 0.020s  Memory: 1066.00M
"output" in: sky130A_mr.drc:393
    Polygons (raw): 0 (flat)  0 (hierarchical)
    Elapsed: 0.000s  Memory: 1066.00M
"drc" in: sky130A_mr.drc:395
    Edge pairs: 0 (flat)  0 (hierarchical)
    Elapsed: 0.020s  Memory: 1066.00M
"output" in: sky130A_mr.drc:395
    Edge pairs: 0 (flat)  0 (hierarchical)
    Elapsed: 0.010s  Memory: 1066.00M
"drc" in: sky130A_mr.drc:396
    Edges: 0 (flat)  0 (hierarchical)
    Elapsed: 0.010s  Memory: 1066.00M
"output" in: sky130A_mr.drc:396
    Edges: 0 (flat)  0 (hierarchical)
    Elapsed: 0.010s  Memory: 1066.00M
"space" in: sky130A_mr.drc:397
    Edge pairs: 0 (flat)  0 (hierarchical)
    Elapsed: 0.010s  Memory: 1066.00M
"output" in: sky130A_mr.drc:397
    Edge pairs: 0 (flat)  0 (hierarchical)
    Elapsed: 0.010s  Memory: 1066.00M
"not" in: sky130A_mr.drc:403
    Polygons (raw): 0 (flat)  0 (hierarchical)
    Elapsed: 0.010s  Memory: 1066.00M
"output" in: sky130A_mr.drc:403
    Polygons (raw): 0 (flat)  0 (hierarchical)
    Elapsed: 0.010s  Memory: 1066.00M
END: 67/44 (mcon)
START: 68/20 (m1)
"width" in: sky130A_mr.drc:408
    Edge pairs: 0 (flat)  0 (hierarchical)
    Elapsed: 0.000s  Memory: 1066.00M
"output" in: sky130A_mr.drc:408
    Edge pairs: 0 (flat)  0 (hierarchical)
    Elapsed: 0.000s  Memory: 1066.00M
"sized" in: sky130A_mr.drc:409
    Polygons (raw): 3 (flat)  3 (hierarchical)
    Elapsed: 0.010s  Memory: 1066.00M
"sized" in: sky130A_mr.drc:409
    Polygons (raw): 3 (flat)  3 (hierarchical)
    Elapsed: 0.010s  Memory: 1066.00M
"snap" in: sky130A_mr.drc:409
    Polygons (raw): 3 (flat)  3 (hierarchical)
    Elapsed: 0.000s  Memory: 1066.00M
"&" in: sky130A_mr.drc:409
    Polygons (raw): 7 (flat)  7 (hierarchical)
    Elapsed: 0.020s  Memory: 1066.00M
"edges" in: sky130A_mr.drc:410
    Edges: 76 (flat)  76 (hierarchical)
    Elapsed: 0.000s  Memory: 1066.00M
"-" in: sky130A_mr.drc:410
    Edges: 35 (flat)  35 (hierarchical)
    Elapsed: 0.000s  Memory: 1066.00M
"edges" in: sky130A_mr.drc:411
    Edges: 34 (flat)  34 (hierarchical)
    Elapsed: 0.010s  Memory: 1066.00M
"merged" in: sky130A_mr.drc:411
    Polygons (raw): 5 (flat)  5 (hierarchical)
    Elapsed: 0.010s  Memory: 1066.00M
"outside_part" in: sky130A_mr.drc:411
    Edges: 35 (flat)  35 (hierarchical)
    Elapsed: 0.010s  Memory: 1066.00M
"space" in: sky130A_mr.drc:413
    Edge pairs: 0 (flat)  0 (hierarchical)
    Elapsed: 0.010s  Memory: 1066.00M
"output" in: sky130A_mr.drc:413
    Edge pairs: 0 (flat)  0 (hierarchical)
    Elapsed: 0.010s  Memory: 1066.00M
"separation" in: sky130A_mr.drc:415
    Edge pairs: 0 (flat)  0 (hierarchical)
    Elapsed: 0.000s  Memory: 1066.00M
"space" in: sky130A_mr.drc:415
    Edge pairs: 0 (flat)  0 (hierarchical)
    Elapsed: 0.010s  Memory: 1066.00M
"+" in: sky130A_mr.drc:415
    Edge pairs: 0 (flat)  0 (hierarchical)
    Elapsed: 0.010s  Memory: 1066.00M
"output" in: sky130A_mr.drc:415
    Edge pairs: 0 (flat)  0 (hierarchical)
    Elapsed: 0.010s  Memory: 1066.00M
"input" in: sky130A_mr.drc:419
    Polygons (raw): 22 (flat)  22 (hierarchical)
    Elapsed: 0.000s  Memory: 1066.00M
"enclosing" in: sky130A_mr.drc:421
    Edge pairs: 0 (flat)  0 (hierarchical)
    Elapsed: 0.020s  Memory: 1066.00M
"output" in: sky130A_mr.drc:421
    Edge pairs: 0 (flat)  0 (hierarchical)
    Elapsed: 0.010s  Memory: 1066.00M
"not" in: sky130A_mr.drc:422
    Polygons (raw): 0 (flat)  0 (hierarchical)
    Elapsed: 0.010s  Memory: 1066.00M
"output" in: sky130A_mr.drc:422
    Polygons (raw): 0 (flat)  0 (hierarchical)
    Elapsed: 0.000s  Memory: 1066.00M
"input" in: sky130A_mr.drc:424
    Polygons (raw): 0 (flat)  0 (hierarchical)
    Elapsed: 0.010s  Memory: 1066.00M
"enclosing" in: sky130A_mr.drc:425
    Edge pairs: 0 (flat)  0 (hierarchical)
    Elapsed: 0.010s  Memory: 1066.00M
"output" in: sky130A_mr.drc:425
    Edge pairs: 0 (flat)  0 (hierarchical)
    Elapsed: 0.000s  Memory: 1066.00M
"not" in: sky130A_mr.drc:427
    Polygons (raw): 0 (flat)  0 (hierarchical)
    Elapsed: 0.010s  Memory: 1066.00M
"output" in: sky130A_mr.drc:427
    Polygons (raw): 0 (flat)  0 (hierarchical)
    Elapsed: 0.010s  Memory: 1066.00M
"with_area" in: sky130A_mr.drc:429
    Polygons (raw): 0 (flat)  0 (hierarchical)
    Elapsed: 0.000s  Memory: 1066.00M
"output" in: sky130A_mr.drc:429
    Polygons (raw): 0 (flat)  0 (hierarchical)
    Elapsed: 0.010s  Memory: 1066.00M
"holes" in: sky130A_mr.drc:431
    Polygons (raw): 0 (flat)  0 (hierarchical)
    Elapsed: 0.010s  Memory: 1066.00M
"with_area" in: sky130A_mr.drc:431
    Polygons (raw): 0 (flat)  0 (hierarchical)
    Elapsed: 0.000s  Memory: 1066.00M
"output" in: sky130A_mr.drc:431
    Polygons (raw): 0 (flat)  0 (hierarchical)
    Elapsed: 0.010s  Memory: 1066.00M
"enclosing" in: sky130A_mr.drc:438
    Edge pairs: 24 (flat)  24 (hierarchical)
    Elapsed: 0.020s  Memory: 1066.00M
"second_edges" in: sky130A_mr.drc:438
    Edges: 24 (flat)  24 (hierarchical)
    Elapsed: 0.000s  Memory: 1066.00M
"width" in: sky130A_mr.drc:439
    Edge pairs: 0 (flat)  0 (hierarchical)
    Elapsed: 0.010s  Memory: 1066.00M
"polygons" in: sky130A_mr.drc:440
    Polygons (raw): 0 (flat)  0 (hierarchical)
    Elapsed: 0.010s  Memory: 1066.00M
"interacting" in: sky130A_mr.drc:440
    Polygons (raw): 0 (flat)  0 (hierarchical)
    Elapsed: 0.010s  Memory: 1066.00M
"output" in: sky130A_mr.drc:441
    Polygons (raw): 0 (flat)  0 (hierarchical)
    Elapsed: 0.010s  Memory: 1066.00M
END: 68/20 (m1)
START: 68/44 (via)
"not" in: sky130A_mr.drc:455
    Polygons (raw): 4084 (flat)  4084 (hierarchical)
    Elapsed: 0.010s  Memory: 1066.00M
"non_rectangles" in: sky130A_mr.drc:457
    Polygons (raw): 0 (flat)  0 (hierarchical)
    Elapsed: 0.030s  Memory: 1067.00M
"output" in: sky130A_mr.drc:457
    Polygons (raw): 0 (flat)  0 (hierarchical)
    Elapsed: 0.010s  Memory: 1067.00M
"width" in: sky130A_mr.drc:458
    Edge pairs: 0 (flat)  0 (hierarchical)
    Elapsed: 0.010s  Memory: 1067.00M
"output" in: sky130A_mr.drc:458
    Edge pairs: 0 (flat)  0 (hierarchical)
    Elapsed: 0.000s  Memory: 1067.00M
"drc" in: sky130A_mr.drc:460
    Edges: 0 (flat)  0 (hierarchical)
    Elapsed: 0.030s  Memory: 1067.00M
"output" in: sky130A_mr.drc:460
    Edges: 0 (flat)  0 (hierarchical)
    Elapsed: 0.010s  Memory: 1067.00M
"space" in: sky130A_mr.drc:462
    Edge pairs: 0 (flat)  0 (hierarchical)
    Elapsed: 0.050s  Memory: 1068.00M
"output" in: sky130A_mr.drc:462
    Edge pairs: 0 (flat)  0 (hierarchical)
    Elapsed: 0.000s  Memory: 1068.00M
"edges" in: sky130A_mr.drc:470
    Edges: 76 (flat)  76 (hierarchical)
    Elapsed: 0.010s  Memory: 1068.00M
"drc" in: sky130A_mr.drc:470
    Edges: 16336 (flat)  16336 (hierarchical)
    Elapsed: 0.070s  Memory: 1068.00M
"enclosing" in: sky130A_mr.drc:470
    Edge pairs: 0 (flat)  0 (hierarchical)
    Elapsed: 0.020s  Memory: 1100.00M
"output" in: sky130A_mr.drc:470
    Edge pairs: 0 (flat)  0 (hierarchical)
    Elapsed: 0.010s  Memory: 1068.00M
"squares" in: sky130A_mr.drc:471
    Polygons (raw): 4084 (flat)  4084 (hierarchical)
    Elapsed: 0.000s  Memory: 1068.00M
"drc" in: sky130A_mr.drc:471
    Edges: 16336 (flat)  16336 (hierarchical)
    Elapsed: 0.080s  Memory: 1068.00M
"not" in: sky130A_mr.drc:471
    Edges: 0 (flat)  0 (hierarchical)
    Elapsed: 0.030s  Memory: 1068.00M
"output" in: sky130A_mr.drc:471
    Edges: 0 (flat)  0 (hierarchical)
    Elapsed: 0.010s  Memory: 1068.00M
"edges" in: sky130A_mr.drc:473
    Edges: 76 (flat)  76 (hierarchical)
    Elapsed: 0.000s  Memory: 1068.00M
"drc" in: sky130A_mr.drc:473
    Edges: 16336 (flat)  16336 (hierarchical)
    Elapsed: 0.070s  Memory: 1068.00M
"enclosing" in: sky130A_mr.drc:473
    Edge pairs: 0 (flat)  0 (hierarchical)
    Elapsed: 0.020s  Memory: 1068.00M
"second_edges" in: sky130A_mr.drc:473
    Edges: 0 (flat)  0 (hierarchical)
    Elapsed: 0.000s  Memory: 1068.00M
"width" in: sky130A_mr.drc:474
    Edge pairs: 0 (flat)  0 (hierarchical)
    Elapsed: 0.020s  Memory: 1068.00M
"polygons" in: sky130A_mr.drc:475
    Polygons (raw): 0 (flat)  0 (hierarchical)
    Elapsed: 0.010s  Memory: 1068.00M
"interacting" in: sky130A_mr.drc:475
    Polygons (raw): 0 (flat)  0 (hierarchical)
    Elapsed: 0.000s  Memory: 1068.00M
"output" in: sky130A_mr.drc:476
    Polygons (raw): 0 (flat)  0 (hierarchical)
    Elapsed: 0.010s  Memory: 1068.00M
END: 68/44 (via)
START: 69/20 (m2)
"width" in: sky130A_mr.drc:483
    Edge pairs: 0 (flat)  0 (hierarchical)
    Elapsed: 0.010s  Memory: 1068.00M
"output" in: sky130A_mr.drc:483
    Edge pairs: 0 (flat)  0 (hierarchical)
    Elapsed: 0.010s  Memory: 1068.00M
"sized" in: sky130A_mr.drc:485
    Polygons (raw): 4 (flat)  4 (hierarchical)
    Elapsed: 0.000s  Memory: 1068.00M
"sized" in: sky130A_mr.drc:485
    Polygons (raw): 4 (flat)  4 (hierarchical)
    Elapsed: 0.010s  Memory: 1068.00M
"snap" in: sky130A_mr.drc:485
    Polygons (raw): 4 (flat)  4 (hierarchical)
    Elapsed: 0.010s  Memory: 1068.00M
"&" in: sky130A_mr.drc:485
    Polygons (raw): 4 (flat)  4 (hierarchical)
    Elapsed: 0.000s  Memory: 1068.00M
"edges" in: sky130A_mr.drc:486
    Edges: 2000 (flat)  2000 (hierarchical)
    Elapsed: 0.020s  Memory: 1076.00M
"-" in: sky130A_mr.drc:486
    Edges: 1984 (flat)  1984 (hierarchical)
    Elapsed: 0.010s  Memory: 1068.00M
"edges" in: sky130A_mr.drc:487
    Edges: 16 (flat)  16 (hierarchical)
    Elapsed: 0.000s  Memory: 1068.00M
"merged" in: sky130A_mr.drc:487
    Polygons (raw): 500 (flat)  500 (hierarchical)
    Elapsed: 0.010s  Memory: 1068.00M
"outside_part" in: sky130A_mr.drc:487
    Edges: 16 (flat)  16 (hierarchical)
    Elapsed: 0.020s  Memory: 1068.00M
"not" in: sky130A_mr.drc:488
    Polygons (raw): 4084 (flat)  4084 (hierarchical)
    Elapsed: 0.000s  Memory: 1068.00M
"space" in: sky130A_mr.drc:490
    Edge pairs: 0 (flat)  0 (hierarchical)
    Elapsed: 0.020s  Memory: 1068.00M
"output" in: sky130A_mr.drc:490
    Edge pairs: 0 (flat)  0 (hierarchical)
    Elapsed: 0.010s  Memory: 1068.00M
"separation" in: sky130A_mr.drc:492
    Edge pairs: 0 (flat)  0 (hierarchical)
    Elapsed: 0.010s  Memory: 1068.00M
"space" in: sky130A_mr.drc:492
    Edge pairs: 0 (flat)  0 (hierarchical)
    Elapsed: 0.000s  Memory: 1068.00M
"+" in: sky130A_mr.drc:492
    Edge pairs: 0 (flat)  0 (hierarchical)
    Elapsed: 0.010s  Memory: 1068.00M
"output" in: sky130A_mr.drc:492
    Edge pairs: 0 (flat)  0 (hierarchical)
    Elapsed: 0.000s  Memory: 1068.00M
"with_area" in: sky130A_mr.drc:494
    Polygons (raw): 0 (flat)  0 (hierarchical)
    Elapsed: 0.010s  Memory: 1068.00M
"output" in: sky130A_mr.drc:494
    Polygons (raw): 0 (flat)  0 (hierarchical)
    Elapsed: 0.010s  Memory: 1068.00M
"holes" in: sky130A_mr.drc:495
    Polygons (raw): 0 (flat)  0 (hierarchical)
    Elapsed: 0.000s  Memory: 1068.00M
"with_area" in: sky130A_mr.drc:495
    Polygons (raw): 0 (flat)  0 (hierarchical)
    Elapsed: 0.010s  Memory: 1068.00M
"output" in: sky130A_mr.drc:495
    Polygons (raw): 0 (flat)  0 (hierarchical)
    Elapsed: 0.010s  Memory: 1068.00M
"enclosing" in: sky130A_mr.drc:500
    Edge pairs: 0 (flat)  0 (hierarchical)
    Elapsed: 0.040s  Memory: 1068.00M
"output" in: sky130A_mr.drc:500
    Edge pairs: 0 (flat)  0 (hierarchical)
    Elapsed: 0.010s  Memory: 1068.00M
"not" in: sky130A_mr.drc:501
    Polygons (raw): 0 (flat)  0 (hierarchical)
    Elapsed: 0.020s  Memory: 1076.00M
"output" in: sky130A_mr.drc:501
    Polygons (raw): 0 (flat)  0 (hierarchical)
    Elapsed: 0.000s  Memory: 1068.00M
"enclosing" in: sky130A_mr.drc:502
    Edge pairs: 0 (flat)  0 (hierarchical)
    Elapsed: 0.040s  Memory: 1068.00M
"second_edges" in: sky130A_mr.drc:502
    Edges: 0 (flat)  0 (hierarchical)
    Elapsed: 0.010s  Memory: 1068.00M
"width" in: sky130A_mr.drc:503
    Edge pairs: 0 (flat)  0 (hierarchical)
    Elapsed: 0.000s  Memory: 1068.00M
"polygons" in: sky130A_mr.drc:504
    Polygons (raw): 0 (flat)  0 (hierarchical)
    Elapsed: 0.010s  Memory: 1068.00M
"interacting" in: sky130A_mr.drc:504
    Polygons (raw): 0 (flat)  0 (hierarchical)
    Elapsed: 0.010s  Memory: 1068.00M
"output" in: sky130A_mr.drc:505
    Polygons (raw): 0 (flat)  0 (hierarchical)
    Elapsed: 0.010s  Memory: 1068.00M
END: 69/20 (m2)
START: 69/44 (via2)
"not" in: sky130A_mr.drc:520
    Polygons (raw): 2620 (flat)  2620 (hierarchical)
    Elapsed: 0.000s  Memory: 1068.00M
"non_rectangles" in: sky130A_mr.drc:521
    Polygons (raw): 0 (flat)  0 (hierarchical)
    Elapsed: 0.030s  Memory: 1067.00M
"output" in: sky130A_mr.drc:521
    Polygons (raw): 0 (flat)  0 (hierarchical)
    Elapsed: 0.000s  Memory: 1067.00M
"width" in: sky130A_mr.drc:522
    Edge pairs: 0 (flat)  0 (hierarchical)
    Elapsed: 0.010s  Memory: 1067.00M
"output" in: sky130A_mr.drc:522
    Edge pairs: 0 (flat)  0 (hierarchical)
    Elapsed: 0.010s  Memory: 1067.00M
"edges" in: sky130A_mr.drc:523
    Edges: 10480 (flat)  10480 (hierarchical)
    Elapsed: 0.020s  Memory: 1067.00M
"without_length" in: sky130A_mr.drc:523
    Edges: 0 (flat)  0 (hierarchical)
    Elapsed: 0.050s  Memory: 1070.00M
"output" in: sky130A_mr.drc:523
    Edges: 0 (flat)  0 (hierarchical)
    Elapsed: 0.010s  Memory: 1070.00M
"space" in: sky130A_mr.drc:524
    Edge pairs: 0 (flat)  0 (hierarchical)
    Elapsed: 0.030s  Memory: 1070.00M
"output" in: sky130A_mr.drc:524
    Edge pairs: 0 (flat)  0 (hierarchical)
    Elapsed: 0.000s  Memory: 1070.00M
"enclosing" in: sky130A_mr.drc:532
    Edge pairs: 0 (flat)  0 (hierarchical)
    Elapsed: 0.020s  Memory: 1070.00M
"output" in: sky130A_mr.drc:532
    Edge pairs: 0 (flat)  0 (hierarchical)
    Elapsed: 0.010s  Memory: 1070.00M
"not" in: sky130A_mr.drc:533
    Polygons (raw): 0 (flat)  0 (hierarchical)
    Elapsed: 0.010s  Memory: 1070.00M
"output" in: sky130A_mr.drc:533
    Polygons (raw): 0 (flat)  0 (hierarchical)
    Elapsed: 0.010s  Memory: 1070.00M
"enclosing" in: sky130A_mr.drc:535
    Edge pairs: 0 (flat)  0 (hierarchical)
    Elapsed: 0.020s  Memory: 1070.00M
"second_edges" in: sky130A_mr.drc:535
    Edges: 0 (flat)  0 (hierarchical)
    Elapsed: 0.010s  Memory: 1070.00M
"width" in: sky130A_mr.drc:536
    Edge pairs: 0 (flat)  0 (hierarchical)
    Elapsed: 0.010s  Memory: 1070.00M
"polygons" in: sky130A_mr.drc:537
    Polygons (raw): 0 (flat)  0 (hierarchical)
    Elapsed: 0.000s  Memory: 1070.00M
"interacting" in: sky130A_mr.drc:537
    Polygons (raw): 0 (flat)  0 (hierarchical)
    Elapsed: 0.020s  Memory: 1070.00M
"output" in: sky130A_mr.drc:538
    Polygons (raw): 0 (flat)  0 (hierarchical)
    Elapsed: 0.010s  Memory: 1070.00M
END: 69/44 (via2)
START: 70/20 (m3)
"width" in: sky130A_mr.drc:544
    Edge pairs: 0 (flat)  0 (hierarchical)
    Elapsed: 0.000s  Memory: 1070.00M
"output" in: sky130A_mr.drc:544
    Edge pairs: 0 (flat)  0 (hierarchical)
    Elapsed: 0.010s  Memory: 1070.00M
"sized" in: sky130A_mr.drc:546
    Polygons (raw): 43 (flat)  43 (hierarchical)
    Elapsed: 0.010s  Memory: 1070.00M
"sized" in: sky130A_mr.drc:546
    Polygons (raw): 43 (flat)  43 (hierarchical)
    Elapsed: 0.000s  Memory: 1070.00M
"snap" in: sky130A_mr.drc:546
    Polygons (raw): 43 (flat)  43 (hierarchical)
    Elapsed: 0.010s  Memory: 1070.00M
"&" in: sky130A_mr.drc:546
    Polygons (raw): 51 (flat)  51 (hierarchical)
    Elapsed: 0.010s  Memory: 1070.00M
"edges" in: sky130A_mr.drc:547
    Edges: 842 (flat)  842 (hierarchical)
    Elapsed: 0.010s  Memory: 1070.00M
"-" in: sky130A_mr.drc:547
    Edges: 582 (flat)  582 (hierarchical)
    Elapsed: 0.020s  Memory: 1070.00M
"edges" in: sky130A_mr.drc:548
    Edges: 247 (flat)  247 (hierarchical)
    Elapsed: 0.000s  Memory: 1070.00M
"merged" in: sky130A_mr.drc:548
    Polygons (raw): 187 (flat)  187 (hierarchical)
    Elapsed: 0.000s  Memory: 1070.00M
"outside_part" in: sky130A_mr.drc:548
    Edges: 249 (flat)  249 (hierarchical)
    Elapsed: 0.010s  Memory: 1070.00M
"space" in: sky130A_mr.drc:550
    Edge pairs: 0 (flat)  0 (hierarchical)
    Elapsed: 0.010s  Memory: 1070.00M
"output" in: sky130A_mr.drc:550
    Edge pairs: 0 (flat)  0 (hierarchical)
    Elapsed: 0.010s  Memory: 1070.00M
"separation" in: sky130A_mr.drc:552
    Edge pairs: 0 (flat)  0 (hierarchical)
    Elapsed: 0.010s  Memory: 1070.00M
"space" in: sky130A_mr.drc:552
    Edge pairs: 0 (flat)  0 (hierarchical)
    Elapsed: 0.010s  Memory: 1070.00M
"+" in: sky130A_mr.drc:552
    Edge pairs: 0 (flat)  0 (hierarchical)
    Elapsed: 0.000s  Memory: 1070.00M
"output" in: sky130A_mr.drc:552
    Edge pairs: 0 (flat)  0 (hierarchical)
    Elapsed: 0.010s  Memory: 1070.00M
"enclosing" in: sky130A_mr.drc:557
    Edge pairs: 0 (flat)  0 (hierarchical)
    Elapsed: 0.030s  Memory: 1070.00M
"output" in: sky130A_mr.drc:557
    Edge pairs: 0 (flat)  0 (hierarchical)
    Elapsed: 0.000s  Memory: 1070.00M
"not" in: sky130A_mr.drc:558
    Polygons (raw): 0 (flat)  0 (hierarchical)
    Elapsed: 0.020s  Memory: 1086.00M
"output" in: sky130A_mr.drc:558
    Polygons (raw): 0 (flat)  0 (hierarchical)
    Elapsed: 0.000s  Memory: 1070.00M
END: 70/20 (m3)
START: 70/44 (via3)
"not" in: sky130A_mr.drc:572
    Polygons (raw): 7783 (flat)  7783 (hierarchical)
    Elapsed: 0.010s  Memory: 1070.00M
"non_rectangles" in: sky130A_mr.drc:573
    Polygons (raw): 0 (flat)  0 (hierarchical)
    Elapsed: 0.060s  Memory: 1072.00M
"output" in: sky130A_mr.drc:573
    Polygons (raw): 0 (flat)  0 (hierarchical)
    Elapsed: 0.000s  Memory: 1072.00M
"width" in: sky130A_mr.drc:574
    Edge pairs: 0 (flat)  0 (hierarchical)
    Elapsed: 0.010s  Memory: 1072.00M
"output" in: sky130A_mr.drc:574
    Edge pairs: 0 (flat)  0 (hierarchical)
    Elapsed: 0.000s  Memory: 1072.00M
"edges" in: sky130A_mr.drc:575
    Edges: 31132 (flat)  31132 (hierarchical)
    Elapsed: 0.060s  Memory: 1080.00M
"without_length" in: sky130A_mr.drc:575
    Edges: 0 (flat)  0 (hierarchical)
    Elapsed: 0.100s  Memory: 1082.00M
"output" in: sky130A_mr.drc:575
    Edges: 0 (flat)  0 (hierarchical)
    Elapsed: 0.000s  Memory: 1082.00M
"space" in: sky130A_mr.drc:577
    Edge pairs: 0 (flat)  0 (hierarchical)
    Elapsed: 0.080s  Memory: 1106.00M
"output" in: sky130A_mr.drc:577
    Edge pairs: 0 (flat)  0 (hierarchical)
    Elapsed: 0.010s  Memory: 1082.00M
"enclosing" in: sky130A_mr.drc:578
    Edge pairs: 0 (flat)  0 (hierarchical)
    Elapsed: 0.060s  Memory: 1082.00M
"output" in: sky130A_mr.drc:578
    Edge pairs: 0 (flat)  0 (hierarchical)
    Elapsed: 0.000s  Memory: 1082.00M
"not" in: sky130A_mr.drc:579
    Polygons (raw): 0 (flat)  0 (hierarchical)
    Elapsed: 0.030s  Memory: 1082.00M
"output" in: sky130A_mr.drc:579
    Polygons (raw): 0 (flat)  0 (hierarchical)
    Elapsed: 0.010s  Memory: 1082.00M
"enclosing" in: sky130A_mr.drc:581
    Edge pairs: 0 (flat)  0 (hierarchical)
    Elapsed: 0.070s  Memory: 1082.00M
"second_edges" in: sky130A_mr.drc:581
    Edges: 0 (flat)  0 (hierarchical)
    Elapsed: 0.000s  Memory: 1082.00M
"width" in: sky130A_mr.drc:582
    Edge pairs: 0 (flat)  0 (hierarchical)
    Elapsed: 0.010s  Memory: 1082.00M
"polygons" in: sky130A_mr.drc:583
    Polygons (raw): 0 (flat)  0 (hierarchical)
    Elapsed: 0.010s  Memory: 1082.00M
"interacting" in: sky130A_mr.drc:583
    Polygons (raw): 0 (flat)  0 (hierarchical)
    Elapsed: 0.000s  Memory: 1082.00M
"output" in: sky130A_mr.drc:584
    Polygons (raw): 0 (flat)  0 (hierarchical)
    Elapsed: 0.010s  Memory: 1082.00M
END: 70/44 (via3)
START: 71/20 (m4)
"width" in: sky130A_mr.drc:590
    Edge pairs: 0 (flat)  0 (hierarchical)
    Elapsed: 0.010s  Memory: 1082.00M
"output" in: sky130A_mr.drc:590
    Edge pairs: 0 (flat)  0 (hierarchical)
    Elapsed: 0.000s  Memory: 1082.00M
"sized" in: sky130A_mr.drc:592
    Polygons (raw): 10 (flat)  10 (hierarchical)
    Elapsed: 0.010s  Memory: 1082.00M
"sized" in: sky130A_mr.drc:592
    Polygons (raw): 10 (flat)  10 (hierarchical)
    Elapsed: 0.010s  Memory: 1082.00M
"snap" in: sky130A_mr.drc:592
    Polygons (raw): 10 (flat)  10 (hierarchical)
    Elapsed: 0.010s  Memory: 1082.00M
"&" in: sky130A_mr.drc:592
    Polygons (raw): 30 (flat)  30 (hierarchical)
    Elapsed: 0.000s  Memory: 1090.00M
"edges" in: sky130A_mr.drc:593
    Edges: 179 (flat)  179 (hierarchical)
    Elapsed: 0.010s  Memory: 1082.00M
"-" in: sky130A_mr.drc:593
    Edges: 2 (flat)  2 (hierarchical)
    Elapsed: 0.010s  Memory: 1082.00M
"edges" in: sky130A_mr.drc:594
    Edges: 161 (flat)  161 (hierarchical)
    Elapsed: 0.010s  Memory: 1082.00M
"merged" in: sky130A_mr.drc:594
    Polygons (raw): 9 (flat)  9 (hierarchical)
    Elapsed: 0.010s  Memory: 1082.00M
"outside_part" in: sky130A_mr.drc:594
    Edges: 163 (flat)  163 (hierarchical)
    Elapsed: 0.010s  Memory: 1082.00M
"space" in: sky130A_mr.drc:596
    Edge pairs: 0 (flat)  0 (hierarchical)
    Elapsed: 0.010s  Memory: 1082.00M
"output" in: sky130A_mr.drc:596
    Edge pairs: 0 (flat)  0 (hierarchical)
    Elapsed: 0.010s  Memory: 1082.00M
"with_area" in: sky130A_mr.drc:598
    Polygons (raw): 0 (flat)  0 (hierarchical)
    Elapsed: 0.000s  Memory: 1082.00M
"output" in: sky130A_mr.drc:598
    Polygons (raw): 0 (flat)  0 (hierarchical)
    Elapsed: 0.010s  Memory: 1082.00M
"separation" in: sky130A_mr.drc:600
    Edge pairs: 0 (flat)  0 (hierarchical)
    Elapsed: 0.010s  Memory: 1082.00M
"space" in: sky130A_mr.drc:600
    Edge pairs: 0 (flat)  0 (hierarchical)
    Elapsed: 0.010s  Memory: 1082.00M
"+" in: sky130A_mr.drc:600
    Edge pairs: 0 (flat)  0 (hierarchical)
    Elapsed: 0.000s  Memory: 1082.00M
"output" in: sky130A_mr.drc:600
    Edge pairs: 0 (flat)  0 (hierarchical)
    Elapsed: 0.010s  Memory: 1082.00M
"enclosing" in: sky130A_mr.drc:605
    Edge pairs: 0 (flat)  0 (hierarchical)
    Elapsed: 0.070s  Memory: 1082.00M
"output" in: sky130A_mr.drc:605
    Edge pairs: 0 (flat)  0 (hierarchical)
    Elapsed: 0.010s  Memory: 1082.00M
"not" in: sky130A_mr.drc:606
    Polygons (raw): 0 (flat)  0 (hierarchical)
    Elapsed: 0.030s  Memory: 1082.00M
"output" in: sky130A_mr.drc:606
    Polygons (raw): 0 (flat)  0 (hierarchical)
    Elapsed: 0.000s  Memory: 1082.00M
END: 71/20 (m4)
START: 71/44 (via4)
"not" in: sky130A_mr.drc:619
    Polygons (raw): 0 (flat)  0 (hierarchical)
    Elapsed: 0.010s  Memory: 1082.00M
"non_rectangles" in: sky130A_mr.drc:620
    Polygons (raw): 0 (flat)  0 (hierarchical)
    Elapsed: 0.010s  Memory: 1082.00M
"output" in: sky130A_mr.drc:620
    Polygons (raw): 0 (flat)  0 (hierarchical)
    Elapsed: 0.000s  Memory: 1082.00M
"width" in: sky130A_mr.drc:621
    Edge pairs: 0 (flat)  0 (hierarchical)
    Elapsed: 0.010s  Memory: 1082.00M
"output" in: sky130A_mr.drc:621
    Edge pairs: 0 (flat)  0 (hierarchical)
    Elapsed: 0.010s  Memory: 1082.00M
"drc" in: sky130A_mr.drc:622
    Edges: 0 (flat)  0 (hierarchical)
    Elapsed: 0.000s  Memory: 1114.00M
"output" in: sky130A_mr.drc:622
    Edges: 0 (flat)  0 (hierarchical)
    Elapsed: 0.000s  Memory: 1082.00M
"space" in: sky130A_mr.drc:624
    Edge pairs: 0 (flat)  0 (hierarchical)
    Elapsed: 0.010s  Memory: 1082.00M
"polygons" in: sky130A_mr.drc:624
    Polygons (raw): 0 (flat)  0 (hierarchical)
    Elapsed: 0.010s  Memory: 1082.00M
"output" in: sky130A_mr.drc:624
    Polygons (raw): 0 (flat)  0 (hierarchical)
    Elapsed: 0.000s  Memory: 1082.00M
"enclosing" in: sky130A_mr.drc:632
    Edge pairs: 0 (flat)  0 (hierarchical)
    Elapsed: 0.010s  Memory: 1082.00M
"output" in: sky130A_mr.drc:632
    Edge pairs: 0 (flat)  0 (hierarchical)
    Elapsed: 0.010s  Memory: 1082.00M
"not" in: sky130A_mr.drc:633
    Polygons (raw): 0 (flat)  0 (hierarchical)
    Elapsed: 0.010s  Memory: 1082.00M
"output" in: sky130A_mr.drc:633
    Polygons (raw): 0 (flat)  0 (hierarchical)
    Elapsed: 0.000s  Memory: 1082.00M
END: 71/44 (via4)
START: 72/20 (m5)
"width" in: sky130A_mr.drc:638
    Edge pairs: 0 (flat)  0 (hierarchical)
    Elapsed: 0.010s  Memory: 1082.00M
"output" in: sky130A_mr.drc:638
    Edge pairs: 0 (flat)  0 (hierarchical)
    Elapsed: 0.010s  Memory: 1082.00M
"space" in: sky130A_mr.drc:640
    Edge pairs: 0 (flat)  0 (hierarchical)
    Elapsed: 0.000s  Memory: 1082.00M
"output" in: sky130A_mr.drc:640
    Edge pairs: 0 (flat)  0 (hierarchical)
    Elapsed: 0.010s  Memory: 1082.00M
"enclosing" in: sky130A_mr.drc:642
    Edge pairs: 0 (flat)  0 (hierarchical)
    Elapsed: 0.010s  Memory: 1082.00M
"output" in: sky130A_mr.drc:642
    Edge pairs: 0 (flat)  0 (hierarchical)
    Elapsed: 0.000s  Memory: 1082.00M
"not" in: sky130A_mr.drc:643
    Polygons (raw): 0 (flat)  0 (hierarchical)
    Elapsed: 0.010s  Memory: 1082.00M
"output" in: sky130A_mr.drc:643
    Polygons (raw): 0 (flat)  0 (hierarchical)
    Elapsed: 0.010s  Memory: 1082.00M
"with_area" in: sky130A_mr.drc:647
    Polygons (raw): 0 (flat)  0 (hierarchical)
    Elapsed: 0.000s  Memory: 1082.00M
"output" in: sky130A_mr.drc:647
    Polygons (raw): 0 (flat)  0 (hierarchical)
    Elapsed: 0.010s  Memory: 1082.00M
END: 72/20 (m5)
START: 76/20 (pad)
"space" in: sky130A_mr.drc:652
    Edge pairs: 0 (flat)  0 (hierarchical)
    Elapsed: 0.010s  Memory: 1082.00M
"output" in: sky130A_mr.drc:652
    Edge pairs: 0 (flat)  0 (hierarchical)
    Elapsed: 0.010s  Memory: 1082.00M
END: 76/20 (pad)
Writing report database: /home/wisla/sky130_skel/Myschematics/Receptor/my_chip/caravel_user_project_analog/precheck_results/20_MAR_2022___22_53_12/outputs/reports/klayout_beol_check.xml ..
Total elapsed: 3.480s  Memory: 1070.00M
