"polygons" in: met_min_ca_density.lydrc:35
    Polygons (raw): 19 (flat)  19 (hierarchical)
    Elapsed: 0.000s  Memory: 521.00M
"polygons" in: met_min_ca_density.lydrc:36
    Polygons (raw): 1253 (flat)  1253 (hierarchical)
    Elapsed: 0.010s  Memory: 521.00M
"polygons" in: met_min_ca_density.lydrc:38
    Polygons (raw): 22 (flat)  22 (hierarchical)
    Elapsed: 0.010s  Memory: 521.00M
"polygons" in: met_min_ca_density.lydrc:39
    Polygons (raw): 4084 (flat)  4084 (hierarchical)
    Elapsed: 0.010s  Memory: 521.00M
"polygons" in: met_min_ca_density.lydrc:41
    Polygons (raw): 500 (flat)  500 (hierarchical)
    Elapsed: 0.000s  Memory: 521.00M
"polygons" in: met_min_ca_density.lydrc:42
    Polygons (raw): 2620 (flat)  2620 (hierarchical)
    Elapsed: 0.010s  Memory: 521.00M
"polygons" in: met_min_ca_density.lydrc:44
    Polygons (raw): 215 (flat)  215 (hierarchical)
    Elapsed: 0.010s  Memory: 521.00M
"polygons" in: met_min_ca_density.lydrc:45
    Polygons (raw): 7783 (flat)  7783 (hierarchical)
    Elapsed: 0.010s  Memory: 521.00M
"polygons" in: met_min_ca_density.lydrc:47
    Polygons (raw): 53 (flat)  53 (hierarchical)
    Elapsed: 0.010s  Memory: 521.00M
"polygons" in: met_min_ca_density.lydrc:48
    Polygons (raw): 0 (flat)  0 (hierarchical)
    Elapsed: 0.010s  Memory: 521.00M
"polygons" in: met_min_ca_density.lydrc:49
    Polygons (raw): 0 (flat)  0 (hierarchical)
    Elapsed: 0.000s  Memory: 521.00M
"polygons" in: met_min_ca_density.lydrc:51
    Polygons (raw): 6 (flat)  6 (hierarchical)
    Elapsed: 0.010s  Memory: 521.00M
"input" in: met_min_ca_density.lydrc:53
    Polygons (raw): 1 (flat)  1 (hierarchical)
    Elapsed: 0.010s  Memory: 521.00M
"area" in: met_min_ca_density.lydrc:55
    Elapsed: 0.000s  Memory: 521.00M
"polygons" in: met_min_ca_density.lydrc:59
    Polygons (raw): 19 (flat)  19 (hierarchical)
    Elapsed: 0.010s  Memory: 521.00M
"area" in: met_min_ca_density.lydrc:59
    Elapsed: 0.010s  Memory: 521.00M
li1_ca_density is 0.9999141525042808
"polygons" in: met_min_ca_density.lydrc:69
    Polygons (raw): 22 (flat)  22 (hierarchical)
    Elapsed: 0.000s  Memory: 521.00M
"area" in: met_min_ca_density.lydrc:69
    Elapsed: 0.010s  Memory: 521.00M
m1_ca_density is 0.9991610401618929
"polygons" in: met_min_ca_density.lydrc:79
    Polygons (raw): 500 (flat)  500 (hierarchical)
    Elapsed: 0.010s  Memory: 521.00M
"area" in: met_min_ca_density.lydrc:79
    Elapsed: 0.010s  Memory: 521.00M
m2_ca_density is 0.9997438773739104
"polygons" in: met_min_ca_density.lydrc:89
    Polygons (raw): 215 (flat)  215 (hierarchical)
    Elapsed: 0.000s  Memory: 521.00M
"area" in: met_min_ca_density.lydrc:89
    Elapsed: 0.010s  Memory: 521.00M
m3_ca_density is 0.9960597779518213
"polygons" in: met_min_ca_density.lydrc:99
    Polygons (raw): 53 (flat)  53 (hierarchical)
    Elapsed: 0.010s  Memory: 521.00M
"area" in: met_min_ca_density.lydrc:99
    Elapsed: 0.010s  Memory: 521.00M
m4_ca_density is 0.9972240886616595
"polygons" in: met_min_ca_density.lydrc:109
    Polygons (raw): 6 (flat)  6 (hierarchical)
    Elapsed: 0.000s  Memory: 521.00M
"area" in: met_min_ca_density.lydrc:109
    Elapsed: 0.010s  Memory: 521.00M
m5_ca_density is 0.999817578611457
Writing report database: /home/wisla/sky130_skel/Myschematics/Receptor/my_chip/caravel_user_project_analog/precheck_results/20_MAR_2022___22_53_12/outputs/reports/klayout_met_min_ca_density_check.xml ..
Total elapsed: 0.200s  Memory: 521.00M
