2022-03-25 03:35:21 - [INFO] - {{EXTRACTING FILES}} Extracting compressed files in: /home/wisla/sky130_skel/Myschematics/Receptor/receiver
2022-03-25 03:35:21 - [INFO] - {{Project Type Info}} analog
2022-03-25 03:35:21 - [INFO] - {{Project GDS Info}} user_analog_project_wrapper: e71e6368d05ddb5613d5df60fa954b176d01eaa5
2022-03-25 03:35:27 - [INFO] - {{Tools Info}} KLayout: v0.27.8 | Magic: v8.3.274
2022-03-25 03:35:27 - [INFO] - {{PDKs Info}} Open PDKs: 32cdb2097fd9a629c91e8ea33e1f6de08ab25946 | Skywater PDK: f70d8ca46961ff92719d8870a18a076370b85f6c
2022-03-25 03:35:27 - [INFO] - {{START}} Precheck Started, the full log 'precheck.log' will be located in '/home/wisla/sky130_skel/Myschematics/Receptor/receiver/precheck_results/25_MAR_2022___03_35_21/logs'
2022-03-25 03:35:27 - [INFO] - {{PRECHECK SEQUENCE}} Precheck will run the following checks: [License, Makefile, Default, Documentation, Consistency, XOR, Magic DRC, Klayout FEOL, Klayout BEOL, Klayout Offgrid, Klayout Metal Minimum Clear Area Density, Klayout Pin Label Purposes Overlapping Drawing, Klayout ZeroArea]
2022-03-25 03:35:27 - [INFO] - {{STEP UPDATE}} Executing Check 1 of 13: License
2022-03-25 03:35:29 - [INFO] - An approved LICENSE (Apache-2.0) was found in /home/wisla/sky130_skel/Myschematics/Receptor/receiver.
2022-03-25 03:35:29 - [INFO] - {{MAIN LICENSE CHECK PASSED}} An approved LICENSE was found in project root.
2022-03-25 03:35:30 - [INFO] - An approved LICENSE (Apache-2.0) was found in /home/wisla/sky130_skel/Myschematics/Receptor/receiver.
2022-03-25 03:35:32 - [INFO] - An approved LICENSE (Apache-2.0) was found in /home/wisla/sky130_skel/Myschematics/Receptor/receiver.
2022-03-25 03:35:32 - [INFO] - {{SUBMODULES LICENSE CHECK PASSED}} No prohibited LICENSE file(s) was found in project submodules
2022-03-25 03:35:32 - [WARNING] - {{SPDX COMPLIANCE CHECK FAILED}} Found 51 non-compliant file(s) with the SPDX Standard.
2022-03-25 03:35:32 - [INFO] - SPDX COMPLIANCE: NON-COMPLIANT FILE(S) PREVIEW: ['/home/wisla/sky130_skel/Myschematics/Receptor/receiver/Makefile', '/home/wisla/sky130_skel/Myschematics/Receptor/receiver/docs/Makefile', '/home/wisla/sky130_skel/Myschematics/Receptor/receiver/docs/environment.yml', '/home/wisla/sky130_skel/Myschematics/Receptor/receiver/docs/source/conf.py', '/home/wisla/sky130_skel/Myschematics/Receptor/receiver/docs/source/index.rst', '/home/wisla/sky130_skel/Myschematics/Receptor/receiver/netgen/run_lvs_por.sh', '/home/wisla/sky130_skel/Myschematics/Receptor/receiver/netgen/run_lvs_wrapper_xschem.sh', '/home/wisla/sky130_skel/Myschematics/Receptor/receiver/netgen/setup.tcl', '/home/wisla/sky130_skel/Myschematics/Receptor/receiver/netgen/run_lvs_ota.sh', '/home/wisla/sky130_skel/Myschematics/Receptor/receiver/xschem/.spiceinit', '/home/wisla/sky130_skel/Myschematics/Receptor/receiver/xschem/analog_wrapper_tb.sch', '/home/wisla/sky130_skel/Myschematics/Receptor/receiver/xschem/user_analog_project_wrapper.sch', '/home/wisla/sky130_skel/Myschematics/Receptor/receiver/xschem/user_analog_project_wrapper.sym', '/home/wisla/sky130_skel/Myschematics/Receptor/receiver/xschem/xschemrc', '/home/wisla/sky130_skel/Myschematics/Receptor/receiver/xschem/detector.sch']
2022-03-25 03:35:32 - [INFO] - For the full SPDX compliance report check: /home/wisla/sky130_skel/Myschematics/Receptor/receiver/precheck_results/25_MAR_2022___03_35_21/logs/spdx_compliance_report.log
2022-03-25 03:35:32 - [INFO] - {{STEP UPDATE}} Executing Check 2 of 13: Makefile
2022-03-25 03:35:32 - [INFO] - {{MAKEFILE CHECK PASSED}} Makefile valid.
2022-03-25 03:35:32 - [INFO] - {{STEP UPDATE}} Executing Check 3 of 13: Default
2022-03-25 03:35:32 - [INFO] - {{README DEFAULT CHECK PASSED}} Project 'README.md' was modified and is not identical to the default 'README.md'
2022-03-25 03:35:34 - [INFO] - {{CONTENT DEFAULT CHECK PASSED}} Project 'gds' was modified and is not identical to the default 'gds'
2022-03-25 03:35:34 - [INFO] - {{STEP UPDATE}} Executing Check 4 of 13: Documentation
2022-03-25 03:35:34 - [INFO] - {{DOCUMENTATION CHECK PASSED}} Project documentation is appropriate.
2022-03-25 03:35:34 - [INFO] - {{STEP UPDATE}} Executing Check 5 of 13: Consistency
2022-03-25 03:35:37 - [INFO] - HIERARCHY CHECK PASSED: Module user_analog_project_wrapper is instantiated in caravan. 
2022-03-25 03:35:37 - [INFO] - COMPLEXITY CHECK PASSED: Netlist caravan contains at least 8 instances (68 instances). 
2022-03-25 03:35:37 - [INFO] - MODELING CHECK PASSED: Netlist caravan is structural.
2022-03-25 03:35:37 - [INFO] - SUBMODULE HOOKS CHECK PASSED: All module ports for user_analog_project_wrapper are correctly connected in the top level netlist caravan.
2022-03-25 03:35:37 - [INFO] - {{NETLIST CONSISTENCY CHECK PASSED}} caravan netlist passed all consistency checks.
2022-03-25 03:35:37 - [INFO] - PORTS CHECK PASSED: Netlist user_analog_project_wrapper ports match the golden wrapper ports
2022-03-25 03:35:37 - [INFO] - COMPLEXITY CHECK PASSED: Netlist user_analog_project_wrapper contains at least 1 instances (2 instances). 
2022-03-25 03:35:37 - [INFO] - MODELING CHECK PASSED: Netlist user_analog_project_wrapper is structural.
2022-03-25 03:35:37 - [INFO] - LAYOUT CHECK PASSED: The GDS layout for user_analog_project_wrapper matches the provided structural netlist.
2022-03-25 03:35:37 - [INFO] - {{NETLIST CONSISTENCY CHECK PASSED}} user_analog_project_wrapper netlist passed all consistency checks.
2022-03-25 03:35:37 - [INFO] - {{CONSISTENCY CHECK PASSED}} The user netlist and the top netlist are valid.
2022-03-25 03:35:37 - [INFO] - {{STEP UPDATE}} Executing Check 6 of 13: XOR
2022-03-25 03:35:42 - [INFO] - {{XOR CHECK UPDATE}} Total XOR differences: 0, for more details view /home/wisla/sky130_skel/Myschematics/Receptor/receiver/precheck_results/25_MAR_2022___03_35_21/outputs/user_analog_project_wrapper.xor.gds
2022-03-25 03:35:42 - [INFO] - {{XOR CHECK PASSED}} The GDS file has no XOR violations.
2022-03-25 03:35:42 - [INFO] - {{STEP UPDATE}} Executing Check 7 of 13: Magic DRC
2022-03-25 03:35:43 - [INFO] - 0 DRC violations
2022-03-25 03:35:43 - [INFO] - {{MAGIC DRC CHECK PASSED}} The GDS file, user_analog_project_wrapper.gds, has no DRC violations.
2022-03-25 03:35:43 - [INFO] - {{STEP UPDATE}} Executing Check 8 of 13: Klayout FEOL
2022-03-25 03:35:46 - [INFO] - No DRC Violations found
2022-03-25 03:35:46 - [INFO] - {{Klayout FEOL CHECK PASSED}} The GDS file, user_analog_project_wrapper.gds, has no DRC violations.
2022-03-25 03:35:46 - [INFO] - {{STEP UPDATE}} Executing Check 9 of 13: Klayout BEOL
2022-03-25 03:35:50 - [INFO] - No DRC Violations found
2022-03-25 03:35:50 - [INFO] - {{Klayout BEOL CHECK PASSED}} The GDS file, user_analog_project_wrapper.gds, has no DRC violations.
2022-03-25 03:35:50 - [INFO] - {{STEP UPDATE}} Executing Check 10 of 13: Klayout Offgrid
2022-03-25 03:35:53 - [INFO] - No DRC Violations found
2022-03-25 03:35:53 - [INFO] - {{Klayout Offgrid CHECK PASSED}} The GDS file, user_analog_project_wrapper.gds, has no DRC violations.
2022-03-25 03:35:53 - [INFO] - {{STEP UPDATE}} Executing Check 11 of 13: Klayout Metal Minimum Clear Area Density
2022-03-25 03:35:54 - [INFO] - No DRC Violations found
2022-03-25 03:35:54 - [INFO] - {{Klayout Metal Minimum Clear Area Density CHECK PASSED}} The GDS file, user_analog_project_wrapper.gds, has no DRC violations.
2022-03-25 03:35:54 - [INFO] - {{STEP UPDATE}} Executing Check 12 of 13: Klayout Pin Label Purposes Overlapping Drawing
2022-03-25 03:35:56 - [INFO] - No DRC Violations found
2022-03-25 03:35:56 - [INFO] - {{Klayout Pin Label Purposes Overlapping Drawing CHECK PASSED}} The GDS file, user_analog_project_wrapper.gds, has no DRC violations.
2022-03-25 03:35:56 - [INFO] - {{STEP UPDATE}} Executing Check 13 of 13: Klayout ZeroArea
2022-03-25 03:35:57 - [INFO] - No DRC Violations found
2022-03-25 03:35:57 - [INFO] - {{Klayout ZeroArea CHECK PASSED}} The GDS file, user_analog_project_wrapper.gds, has no DRC violations.
2022-03-25 03:35:57 - [INFO] - {{FINISH}} Executing Finished, the full log 'precheck.log' can be found in '/home/wisla/sky130_skel/Myschematics/Receptor/receiver/precheck_results/25_MAR_2022___03_35_21/logs'
2022-03-25 03:35:57 - [INFO] - {{SUCCESS}} All Checks Passed !!!
