/home/wisla/sky130_skel/Myschematics/Receptor/receiver/Makefile
/home/wisla/sky130_skel/Myschematics/Receptor/receiver/docs/Makefile
/home/wisla/sky130_skel/Myschematics/Receptor/receiver/docs/environment.yml
/home/wisla/sky130_skel/Myschematics/Receptor/receiver/docs/source/conf.py
/home/wisla/sky130_skel/Myschematics/Receptor/receiver/docs/source/index.rst
/home/wisla/sky130_skel/Myschematics/Receptor/receiver/netgen/run_lvs_por.sh
/home/wisla/sky130_skel/Myschematics/Receptor/receiver/netgen/run_lvs_wrapper_xschem.sh
/home/wisla/sky130_skel/Myschematics/Receptor/receiver/netgen/setup.tcl
/home/wisla/sky130_skel/Myschematics/Receptor/receiver/netgen/run_lvs_ota.sh
/home/wisla/sky130_skel/Myschematics/Receptor/receiver/xschem/.spiceinit
/home/wisla/sky130_skel/Myschematics/Receptor/receiver/xschem/analog_wrapper_tb.sch
/home/wisla/sky130_skel/Myschematics/Receptor/receiver/xschem/user_analog_project_wrapper.sch
/home/wisla/sky130_skel/Myschematics/Receptor/receiver/xschem/user_analog_project_wrapper.sym
/home/wisla/sky130_skel/Myschematics/Receptor/receiver/xschem/xschemrc
/home/wisla/sky130_skel/Myschematics/Receptor/receiver/xschem/detector.sch
/home/wisla/sky130_skel/Myschematics/Receptor/receiver/xschem/detector.sym
/home/wisla/sky130_skel/Myschematics/Receptor/receiver/xschem/OTA.sch
/home/wisla/sky130_skel/Myschematics/Receptor/receiver/xschem/OTA.sym
/home/wisla/sky130_skel/Myschematics/Receptor/receiver/xschem/Tb_OTA.sch
/home/wisla/sky130_skel/Myschematics/Receptor/receiver/xschem/user_analog_project_wrapper1.sch
/home/wisla/sky130_skel/Myschematics/Receptor/receiver/xschem/chipV1.sch
/home/wisla/sky130_skel/Myschematics/Receptor/receiver/mag/otaV5_2.ext
/home/wisla/sky130_skel/Myschematics/Receptor/receiver/mag/otaV5_2.res.ext
/home/wisla/sky130_skel/Myschematics/Receptor/receiver/mag/.magicrc
/home/wisla/sky130_skel/Myschematics/Receptor/receiver/mag/sky130_fd_pr__res_xhigh_po_0p35_HDW2JU.ext
/home/wisla/sky130_skel/Myschematics/Receptor/receiver/mag/detV2.ext
/home/wisla/sky130_skel/Myschematics/Receptor/receiver/mag/user_analog_project_wrapper.ext
/home/wisla/sky130_skel/Myschematics/Receptor/receiver/mag/otaV5_2.nodes
/home/wisla/sky130_skel/Myschematics/Receptor/receiver/mag/otaV5_2.sim
/home/wisla/sky130_skel/Myschematics/Receptor/receiver/mag/otaV5.ext
/home/wisla/sky130_skel/Myschematics/Receptor/receiver/precheck_results/24_MAR_2022___12_38_35/logs/gds.info
/home/wisla/sky130_skel/Myschematics/Receptor/receiver/precheck_results/24_MAR_2022___12_38_35/logs/tools.info
/home/wisla/sky130_skel/Myschematics/Receptor/receiver/precheck_results/24_MAR_2022___12_38_35/logs/pdks.info
/home/wisla/sky130_skel/Myschematics/Receptor/receiver/precheck_results/24_MAR_2022___12_38_35/logs/xor_check.total
/home/wisla/sky130_skel/Myschematics/Receptor/receiver/precheck_results/24_MAR_2022___12_38_35/logs/magic_drc_check.total
/home/wisla/sky130_skel/Myschematics/Receptor/receiver/precheck_results/24_MAR_2022___12_38_35/logs/klayout_feol_check.total
/home/wisla/sky130_skel/Myschematics/Receptor/receiver/precheck_results/24_MAR_2022___12_38_35/logs/klayout_beol_check.total
/home/wisla/sky130_skel/Myschematics/Receptor/receiver/precheck_results/24_MAR_2022___12_38_35/logs/klayout_offgrid_check.total
/home/wisla/sky130_skel/Myschematics/Receptor/receiver/precheck_results/24_MAR_2022___12_38_35/logs/klayout_met_min_ca_density_check.total
/home/wisla/sky130_skel/Myschematics/Receptor/receiver/precheck_results/24_MAR_2022___12_38_35/logs/klayout_pin_label_purposes_overlapping_drawing_check.total
/home/wisla/sky130_skel/Myschematics/Receptor/receiver/precheck_results/24_MAR_2022___12_38_35/logs/klayout_zeroarea_check.total
/home/wisla/sky130_skel/Myschematics/Receptor/receiver/precheck_results/24_MAR_2022___12_38_35/outputs/reports/magic_drc_check.drc.report
/home/wisla/sky130_skel/Myschematics/Receptor/receiver/precheck_results/25_MAR_2022___03_35_21/logs/gds.info
/home/wisla/sky130_skel/Myschematics/Receptor/receiver/precheck_results/25_MAR_2022___03_35_21/logs/tools.info
/home/wisla/sky130_skel/Myschematics/Receptor/receiver/precheck_results/25_MAR_2022___03_35_21/logs/pdks.info
/home/wisla/sky130_skel/Myschematics/Receptor/receiver/pos_layout/otaV5.nodes
/home/wisla/sky130_skel/Myschematics/Receptor/receiver/pos_layout/otaV5.res.ext
/home/wisla/sky130_skel/Myschematics/Receptor/receiver/pos_layout/otaV5.sim
/home/wisla/sky130_skel/Myschematics/Receptor/receiver/pos_layout/detV2.nodes
/home/wisla/sky130_skel/Myschematics/Receptor/receiver/pos_layout/detV2.res.ext
/home/wisla/sky130_skel/Myschematics/Receptor/receiver/pos_layout/detV2.sim
