Warning: Equate pins:  cell sky130_fd_pr__pfet_01v8 has no definition, treated as a black box.
Warning: Equate pins:  cell sky130_fd_pr__pfet_01v8 has no definition, treated as a black box.

Subcircuit pins:
Circuit 1: sky130_fd_pr__pfet_01v8         |Circuit 2: sky130_fd_pr__pfet_01v8         
-------------------------------------------|-------------------------------------------
1                                          |1                                          
2                                          |2                                          
3                                          |3                                          
4                                          |4                                          
---------------------------------------------------------------------------------------
Cell pin lists are equivalent.
Device classes sky130_fd_pr__pfet_01v8 and sky130_fd_pr__pfet_01v8 are equivalent.
Warning: Equate pins:  cell sky130_fd_pr__nfet_01v8 has no definition, treated as a black box.
Warning: Equate pins:  cell sky130_fd_pr__nfet_01v8 has no definition, treated as a black box.

Subcircuit pins:
Circuit 1: sky130_fd_pr__nfet_01v8         |Circuit 2: sky130_fd_pr__nfet_01v8         
-------------------------------------------|-------------------------------------------
1                                          |1                                          
2                                          |2                                          
3                                          |3                                          
4                                          |4                                          
---------------------------------------------------------------------------------------
Cell pin lists are equivalent.
Device classes sky130_fd_pr__nfet_01v8 and sky130_fd_pr__nfet_01v8 are equivalent.
Warning: Equate pins:  cell sky130_fd_pr__cap_mim_m3_1 has no definition, treated as a black box.
Warning: Equate pins:  cell sky130_fd_pr__cap_mim_m3_1 has no definition, treated as a black box.

Subcircuit pins:
Circuit 1: sky130_fd_pr__cap_mim_m3_1      |Circuit 2: sky130_fd_pr__cap_mim_m3_1      
-------------------------------------------|-------------------------------------------
1                                          |1                                          
2                                          |2                                          
---------------------------------------------------------------------------------------
Cell pin lists are equivalent.
Device classes sky130_fd_pr__cap_mim_m3_1 and sky130_fd_pr__cap_mim_m3_1 are equivalent.

Subcircuit summary:
Circuit 1: OTA                             |Circuit 2: otaV5                           
-------------------------------------------|-------------------------------------------
sky130_fd_pr__pfet_01v8 (6)                |sky130_fd_pr__pfet_01v8 (6)                
sky130_fd_pr__nfet_01v8 (4)                |sky130_fd_pr__nfet_01v8 (4)                
sky130_fd_pr__cap_mim_m3_1 (1)             |sky130_fd_pr__cap_mim_m3_1 (1)             
Number of devices: 11                      |Number of devices: 11                      
Number of nets: 11                         |Number of nets: 11                         
---------------------------------------------------------------------------------------
Circuits match uniquely.
Netlists match uniquely.

Subcircuit pins:
Circuit 1: OTA                             |Circuit 2: otaV5                           
-------------------------------------------|-------------------------------------------
Vn                                         |Vn                                         
cltop                                      |cltop                                      
inn                                        |Inn                                        
inp                                        |Inp                                        
vout                                       |Vout                                       
ib                                         |Ib                                         
Vp                                         |Vp                                         
---------------------------------------------------------------------------------------
Cell pin lists are equivalent.
Device classes OTA and otaV5 are equivalent.
Circuits match uniquely.
