
Magic 8.3 revision 265 - Compiled on Tue Feb  8 15:12:01 UTC 2022.
Starting magic under Tcl interpreter
Using the terminal as the console.
Using NULL graphics device.
Processing system .magicrc file
Sourcing design .magicrc for technology sky130A ...
2 Magic internal units = 1 Lambda
Input style sky130: scaleFactor=2, multiplier=2
The following types are not handled by extraction and will be treated as non-electrical types:
    nnmos obsactive mvobsactive obsli1 obsm1 obsm2 obsm3 obsm4 obsm5 obsmrdl fillblock comment obscomment res0p35 res0p69 res1p41 res2p85 res5p73 
Scaled tech values by 2 / 1 to match internal grid scaling
Loading sky130A Device Generator Menu ...
Loading "/home/wisla/mpw_precheck/checks/drc_checks/magic/magic_drc_check.tcl" from command line.
Warning: Calma reading is not undoable!  I hope that's OK.
Library written using GDS-II Release 3.0
Library name: user_analog_project_wrapper
Reading "otaV5".
Reading "sky130_fd_pr__res_xhigh_po_0p35_HDW2JU".
Reading "detV2".
Reading "user_analog_project_wrapper".
[INFO]: Loading user_analog_project_wrapper

DRC style is now "drc(full)"
Loading DRC CIF style.
No errors found.
[INFO]: COUNT: 0
[INFO]: Should be divided by 3 or 4
[INFO]: DRC Checking DONE (/home/wisla/sky130_skel/Myschematics/Receptor/my_chip/precheck_results/22_MAR_2022___00_12_27/outputs/reports/magic_drc_check.drc.report)
[INFO]: Saving mag view with DRC errors(/home/wisla/sky130_skel/Myschematics/Receptor/my_chip/precheck_results/22_MAR_2022___00_12_27/outputs/user_analog_project_wrapper.magic.drc.mag)
[INFO]: Saved
