/home/wisla/sky130_skel/Myschematics/Receptor/my_chip/Makefile
/home/wisla/sky130_skel/Myschematics/Receptor/my_chip/Pos-Layout/sky130_fd_pr__res_xhigh_po_0p35_HDW2JU.ext
/home/wisla/sky130_skel/Myschematics/Receptor/my_chip/Pos-Layout/user_analog_project_wrapper.ext
/home/wisla/sky130_skel/Myschematics/Receptor/my_chip/Pos-Layout/user_analog_project_wrapper_empty.ext
/home/wisla/sky130_skel/Myschematics/Receptor/my_chip/docs/Makefile
/home/wisla/sky130_skel/Myschematics/Receptor/my_chip/docs/environment.yml
/home/wisla/sky130_skel/Myschematics/Receptor/my_chip/docs/source/conf.py
/home/wisla/sky130_skel/Myschematics/Receptor/my_chip/docs/source/index.rst
/home/wisla/sky130_skel/Myschematics/Receptor/my_chip/mag/.magicrc
/home/wisla/sky130_skel/Myschematics/Receptor/my_chip/mag/sky130_fd_pr__res_xhigh_po_0p35_HDW2JU.ext
/home/wisla/sky130_skel/Myschematics/Receptor/my_chip/mag/user_analog_project_wrapper.ext
/home/wisla/sky130_skel/Myschematics/Receptor/my_chip/mag/detV2.ext
/home/wisla/sky130_skel/Myschematics/Receptor/my_chip/mag/otaV5.ext
/home/wisla/sky130_skel/Myschematics/Receptor/my_chip/mag/user_analog_project_wrapper.sim
/home/wisla/sky130_skel/Myschematics/Receptor/my_chip/netgen/run_lvs_por.sh
/home/wisla/sky130_skel/Myschematics/Receptor/my_chip/netgen/run_lvs_wrapper_verilog.sh
/home/wisla/sky130_skel/Myschematics/Receptor/my_chip/netgen/run_lvs_wrapper_xschem.sh
/home/wisla/sky130_skel/Myschematics/Receptor/my_chip/netgen/setup.tcl
/home/wisla/sky130_skel/Myschematics/Receptor/my_chip/netgen/run_lvs_ota.sh
/home/wisla/sky130_skel/Myschematics/Receptor/my_chip/precheck_results/21_MAR_2022___22_03_33/logs/gds.info
/home/wisla/sky130_skel/Myschematics/Receptor/my_chip/precheck_results/21_MAR_2022___22_03_33/logs/tools.info
/home/wisla/sky130_skel/Myschematics/Receptor/my_chip/precheck_results/21_MAR_2022___22_03_33/logs/pdks.info
/home/wisla/sky130_skel/Myschematics/Receptor/my_chip/precheck_results/21_MAR_2022___22_03_33/logs/xor_check.total
/home/wisla/sky130_skel/Myschematics/Receptor/my_chip/precheck_results/21_MAR_2022___22_03_33/logs/magic_drc_check.total
/home/wisla/sky130_skel/Myschematics/Receptor/my_chip/precheck_results/21_MAR_2022___22_03_33/logs/klayout_feol_check.total
/home/wisla/sky130_skel/Myschematics/Receptor/my_chip/precheck_results/21_MAR_2022___22_03_33/logs/klayout_beol_check.total
/home/wisla/sky130_skel/Myschematics/Receptor/my_chip/precheck_results/21_MAR_2022___22_03_33/logs/klayout_offgrid_check.total
/home/wisla/sky130_skel/Myschematics/Receptor/my_chip/precheck_results/21_MAR_2022___22_03_33/logs/klayout_met_min_ca_density_check.total
/home/wisla/sky130_skel/Myschematics/Receptor/my_chip/precheck_results/21_MAR_2022___22_03_33/logs/klayout_pin_label_purposes_overlapping_drawing_check.total
/home/wisla/sky130_skel/Myschematics/Receptor/my_chip/precheck_results/21_MAR_2022___22_03_33/logs/klayout_zeroarea_check.total
/home/wisla/sky130_skel/Myschematics/Receptor/my_chip/precheck_results/21_MAR_2022___22_03_33/outputs/reports/magic_drc_check.drc.report
/home/wisla/sky130_skel/Myschematics/Receptor/my_chip/precheck_results/21_MAR_2022___22_07_13/logs/gds.info
/home/wisla/sky130_skel/Myschematics/Receptor/my_chip/precheck_results/21_MAR_2022___22_07_13/logs/tools.info
/home/wisla/sky130_skel/Myschematics/Receptor/my_chip/precheck_results/21_MAR_2022___22_07_13/logs/pdks.info
/home/wisla/sky130_skel/Myschematics/Receptor/my_chip/precheck_results/21_MAR_2022___22_07_13/logs/xor_check.total
/home/wisla/sky130_skel/Myschematics/Receptor/my_chip/precheck_results/21_MAR_2022___22_07_13/logs/magic_drc_check.total
/home/wisla/sky130_skel/Myschematics/Receptor/my_chip/precheck_results/21_MAR_2022___22_07_13/logs/klayout_feol_check.total
/home/wisla/sky130_skel/Myschematics/Receptor/my_chip/precheck_results/21_MAR_2022___22_07_13/logs/klayout_beol_check.total
/home/wisla/sky130_skel/Myschematics/Receptor/my_chip/precheck_results/21_MAR_2022___22_07_13/logs/klayout_offgrid_check.total
/home/wisla/sky130_skel/Myschematics/Receptor/my_chip/precheck_results/21_MAR_2022___22_07_13/logs/klayout_met_min_ca_density_check.total
/home/wisla/sky130_skel/Myschematics/Receptor/my_chip/precheck_results/21_MAR_2022___22_07_13/logs/klayout_pin_label_purposes_overlapping_drawing_check.total
/home/wisla/sky130_skel/Myschematics/Receptor/my_chip/precheck_results/21_MAR_2022___22_07_13/logs/klayout_zeroarea_check.total
/home/wisla/sky130_skel/Myschematics/Receptor/my_chip/precheck_results/21_MAR_2022___22_07_13/outputs/reports/magic_drc_check.drc.report
/home/wisla/sky130_skel/Myschematics/Receptor/my_chip/precheck_results/21_MAR_2022___23_35_43/logs/gds.info
/home/wisla/sky130_skel/Myschematics/Receptor/my_chip/precheck_results/21_MAR_2022___23_35_43/logs/tools.info
/home/wisla/sky130_skel/Myschematics/Receptor/my_chip/precheck_results/21_MAR_2022___23_35_43/logs/pdks.info
/home/wisla/sky130_skel/Myschematics/Receptor/my_chip/precheck_results/21_MAR_2022___23_35_43/logs/xor_check.total
/home/wisla/sky130_skel/Myschematics/Receptor/my_chip/precheck_results/21_MAR_2022___23_35_43/logs/magic_drc_check.total
/home/wisla/sky130_skel/Myschematics/Receptor/my_chip/precheck_results/21_MAR_2022___23_35_43/logs/klayout_feol_check.total
/home/wisla/sky130_skel/Myschematics/Receptor/my_chip/precheck_results/21_MAR_2022___23_35_43/logs/klayout_beol_check.total
/home/wisla/sky130_skel/Myschematics/Receptor/my_chip/precheck_results/21_MAR_2022___23_35_43/logs/klayout_offgrid_check.total
/home/wisla/sky130_skel/Myschematics/Receptor/my_chip/precheck_results/21_MAR_2022___23_35_43/logs/klayout_met_min_ca_density_check.total
/home/wisla/sky130_skel/Myschematics/Receptor/my_chip/precheck_results/21_MAR_2022___23_35_43/logs/klayout_pin_label_purposes_overlapping_drawing_check.total
/home/wisla/sky130_skel/Myschematics/Receptor/my_chip/precheck_results/21_MAR_2022___23_35_43/logs/klayout_zeroarea_check.total
/home/wisla/sky130_skel/Myschematics/Receptor/my_chip/precheck_results/21_MAR_2022___23_35_43/outputs/reports/magic_drc_check.drc.report
/home/wisla/sky130_skel/Myschematics/Receptor/my_chip/precheck_results/22_MAR_2022___00_12_27/logs/gds.info
/home/wisla/sky130_skel/Myschematics/Receptor/my_chip/precheck_results/22_MAR_2022___00_12_27/logs/tools.info
/home/wisla/sky130_skel/Myschematics/Receptor/my_chip/precheck_results/22_MAR_2022___00_12_27/logs/pdks.info
/home/wisla/sky130_skel/Myschematics/Receptor/my_chip/xschem/.spiceinit
/home/wisla/sky130_skel/Myschematics/Receptor/my_chip/xschem/analog_wrapper_tb.sch
/home/wisla/sky130_skel/Myschematics/Receptor/my_chip/xschem/user_analog_project_wrapper.sch
/home/wisla/sky130_skel/Myschematics/Receptor/my_chip/xschem/user_analog_project_wrapper.sym
/home/wisla/sky130_skel/Myschematics/Receptor/my_chip/xschem/xschemrc
/home/wisla/sky130_skel/Myschematics/Receptor/my_chip/xschem/detector.sch
/home/wisla/sky130_skel/Myschematics/Receptor/my_chip/xschem/detector.sym
/home/wisla/sky130_skel/Myschematics/Receptor/my_chip/xschem/OTA.sch
/home/wisla/sky130_skel/Myschematics/Receptor/my_chip/xschem/OTA.sym
/home/wisla/sky130_skel/Myschematics/Receptor/my_chip/xschem/Tb_OTA.sch
